{"D:\\Node-js\\homeworks\\nodejs-hw-rest-api\\app.js": {"path":"D:\\Node-js\\homeworks\\nodejs-hw-rest-api\\app.js","statementMap":{"0":{"start":{"line":1,"column":16},"end":{"line":1,"column":34}},"1":{"start":{"line":2,"column":13},"end":{"line":2,"column":28}},"2":{"start":{"line":3,"column":15},"end":{"line":3,"column":32}},"3":{"start":{"line":4,"column":13},"end":{"line":4,"column":28}},"4":{"start":{"line":5,"column":19},"end":{"line":5,"column":51}},"5":{"start":{"line":6,"column":15},"end":{"line":6,"column":32}},"6":{"start":{"line":7,"column":0},"end":{"line":7,"column":27}},"7":{"start":{"line":9,"column":22},"end":{"line":9,"column":57}},"8":{"start":{"line":10,"column":20},"end":{"line":10,"column":48}},"9":{"start":{"line":11,"column":21},"end":{"line":11,"column":51}},"10":{"start":{"line":12,"column":20},"end":{"line":12,"column":49}},"11":{"start":{"line":13,"column":23},"end":{"line":13,"column":55}},"12":{"start":{"line":15,"column":12},"end":{"line":15,"column":21}},"13":{"start":{"line":17,"column":22},"end":{"line":17,"column":72}},"14":{"start":{"line":19,"column":0},"end":{"line":19,"column":18}},"15":{"start":{"line":21,"column":20},"end":{"line":21,"column":64}},"16":{"start":{"line":22,"column":0},"end":{"line":22,"column":59}},"17":{"start":{"line":24,"column":0},"end":{"line":24,"column":17}},"18":{"start":{"line":25,"column":0},"end":{"line":25,"column":60}},"19":{"start":{"line":26,"column":0},"end":{"line":26,"column":16}},"20":{"start":{"line":27,"column":0},"end":{"line":27,"column":44}},"21":{"start":{"line":28,"column":0},"end":{"line":28,"column":22}},"22":{"start":{"line":30,"column":0},"end":{"line":30,"column":35}},"23":{"start":{"line":31,"column":0},"end":{"line":31,"column":41}},"24":{"start":{"line":33,"column":0},"end":{"line":39,"column":3}},"25":{"start":{"line":34,"column":2},"end":{"line":38,"column":5}},"26":{"start":{"line":41,"column":0},"end":{"line":50,"column":3}},"27":{"start":{"line":42,"column":15},"end":{"line":42,"column":59}},"28":{"start":{"line":43,"column":17},"end":{"line":43,"column":46}},"29":{"start":{"line":45,"column":2},"end":{"line":49,"column":5}},"30":{"start":{"line":52,"column":0},"end":{"line":52,"column":21}}},"fnMap":{"0":{"name":"(anonymous_0)","decl":{"start":{"line":33,"column":8},"end":{"line":33,"column":9}},"loc":{"start":{"line":33,"column":23},"end":{"line":39,"column":1}},"line":33},"1":{"name":"(anonymous_1)","decl":{"start":{"line":41,"column":8},"end":{"line":41,"column":9}},"loc":{"start":{"line":41,"column":35},"end":{"line":50,"column":1}},"line":41}},"branchMap":{"0":{"loc":{"start":{"line":17,"column":22},"end":{"line":17,"column":72}},"type":"cond-expr","locations":[{"start":{"line":17,"column":57},"end":{"line":17,"column":62}},{"start":{"line":17,"column":65},"end":{"line":17,"column":72}}],"line":17},"1":{"loc":{"start":{"line":25,"column":0},"end":{"line":25,"column":59}},"type":"binary-expr","locations":[{"start":{"line":25,"column":0},"end":{"line":25,"column":25}},{"start":{"line":25,"column":29},"end":{"line":25,"column":59}}],"line":25},"2":{"loc":{"start":{"line":42,"column":15},"end":{"line":42,"column":59}},"type":"binary-expr","locations":[{"start":{"line":42,"column":15},"end":{"line":42,"column":25}},{"start":{"line":42,"column":29},"end":{"line":42,"column":59}}],"line":42},"3":{"loc":{"start":{"line":43,"column":17},"end":{"line":43,"column":46}},"type":"cond-expr","locations":[{"start":{"line":43,"column":30},"end":{"line":43,"column":37}},{"start":{"line":43,"column":40},"end":{"line":43,"column":46}}],"line":43}},"s":{"0":2,"1":2,"2":2,"3":2,"4":2,"5":2,"6":2,"7":2,"8":2,"9":2,"10":2,"11":2,"12":2,"13":2,"14":2,"15":2,"16":2,"17":2,"18":2,"19":2,"20":2,"21":2,"22":2,"23":2,"24":2,"25":0,"26":2,"27":9,"28":9,"29":9,"30":2},"f":{"0":0,"1":9},"b":{"0":[0,2],"1":[2,0],"2":[9,0],"3":[9,0]},"_coverageSchema":"1a1c01bbd47fc00a2c39e90264f33305004495a9","hash":"d30e29c87e73ade0eeda6992fd8786c29066359a"}
,"D:\\Node-js\\homeworks\\nodejs-hw-rest-api\\config\\passport.js": {"path":"D:\\Node-js\\homeworks\\nodejs-hw-rest-api\\config\\passport.js","statementMap":{"0":{"start":{"line":1,"column":17},"end":{"line":1,"column":36}},"1":{"start":{"line":2,"column":33},"end":{"line":2,"column":56}},"2":{"start":{"line":3,"column":0},"end":{"line":3,"column":27}},"3":{"start":{"line":4,"column":23},"end":{"line":4,"column":49}},"4":{"start":{"line":6,"column":19},"end":{"line":6,"column":44}},"5":{"start":{"line":8,"column":13},"end":{"line":11,"column":1}},"6":{"start":{"line":13,"column":0},"end":{"line":30,"column":2}},"7":{"start":{"line":15,"column":4},"end":{"line":28,"column":5}},"8":{"start":{"line":16,"column":19},"end":{"line":16,"column":56}},"9":{"start":{"line":18,"column":6},"end":{"line":20,"column":7}},"10":{"start":{"line":19,"column":8},"end":{"line":19,"column":56}},"11":{"start":{"line":21,"column":6},"end":{"line":23,"column":7}},"12":{"start":{"line":22,"column":8},"end":{"line":22,"column":33}},"13":{"start":{"line":25,"column":6},"end":{"line":25,"column":30}},"14":{"start":{"line":27,"column":6},"end":{"line":27,"column":32}}},"fnMap":{"0":{"name":"(anonymous_0)","decl":{"start":{"line":14,"column":21},"end":{"line":14,"column":22}},"loc":{"start":{"line":14,"column":46},"end":{"line":29,"column":3}},"line":14}},"branchMap":{"0":{"loc":{"start":{"line":18,"column":6},"end":{"line":20,"column":7}},"type":"if","locations":[{"start":{"line":18,"column":6},"end":{"line":20,"column":7}},{"start":{"line":18,"column":6},"end":{"line":20,"column":7}}],"line":18},"1":{"loc":{"start":{"line":21,"column":6},"end":{"line":23,"column":7}},"type":"if","locations":[{"start":{"line":21,"column":6},"end":{"line":23,"column":7}},{"start":{"line":21,"column":6},"end":{"line":23,"column":7}}],"line":21}},"s":{"0":3,"1":3,"2":3,"3":3,"4":3,"5":3,"6":3,"7":13,"8":13,"9":13,"10":0,"11":13,"12":0,"13":13,"14":0},"f":{"0":13},"b":{"0":[0,13],"1":[0,13]},"_coverageSchema":"1a1c01bbd47fc00a2c39e90264f33305004495a9","hash":"28653eb341bbd64ce8d4df92c391f421642add5b"}
,"D:\\Node-js\\homeworks\\nodejs-hw-rest-api\\controllers\\contacts.js": {"path":"D:\\Node-js\\homeworks\\nodejs-hw-rest-api\\controllers\\contacts.js","statementMap":{"0":{"start":{"line":1,"column":22},"end":{"line":1,"column":50}},"1":{"start":{"line":2,"column":21},"end":{"line":2,"column":52}},"2":{"start":{"line":4,"column":24},"end":{"line":19,"column":1}},"3":{"start":{"line":5,"column":2},"end":{"line":18,"column":3}},"4":{"start":{"line":6,"column":19},"end":{"line":6,"column":30}},"5":{"start":{"line":9,"column":6},"end":{"line":9,"column":57}},"6":{"start":{"line":11,"column":4},"end":{"line":15,"column":7}},"7":{"start":{"line":17,"column":4},"end":{"line":17,"column":16}},"8":{"start":{"line":21,"column":23},"end":{"line":53,"column":1}},"9":{"start":{"line":22,"column":2},"end":{"line":52,"column":3}},"10":{"start":{"line":23,"column":19},"end":{"line":23,"column":30}},"11":{"start":{"line":25,"column":20},"end":{"line":28,"column":5}},"12":{"start":{"line":38,"column":4},"end":{"line":49,"column":5}},"13":{"start":{"line":39,"column":6},"end":{"line":43,"column":9}},"14":{"start":{"line":45,"column":6},"end":{"line":48,"column":9}},"15":{"start":{"line":51,"column":4},"end":{"line":51,"column":16}},"16":{"start":{"line":55,"column":19},"end":{"line":71,"column":1}},"17":{"start":{"line":56,"column":2},"end":{"line":70,"column":3}},"18":{"start":{"line":57,"column":19},"end":{"line":57,"column":30}},"19":{"start":{"line":58,"column":23},"end":{"line":61,"column":6}},"20":{"start":{"line":63,"column":4},"end":{"line":67,"column":7}},"21":{"start":{"line":69,"column":4},"end":{"line":69,"column":16}},"22":{"start":{"line":73,"column":22},"end":{"line":104,"column":1}},"23":{"start":{"line":74,"column":2},"end":{"line":103,"column":3}},"24":{"start":{"line":75,"column":19},"end":{"line":75,"column":30}},"25":{"start":{"line":76,"column":20},"end":{"line":79,"column":5}},"26":{"start":{"line":88,"column":4},"end":{"line":100,"column":5}},"27":{"start":{"line":89,"column":6},"end":{"line":94,"column":9}},"28":{"start":{"line":96,"column":6},"end":{"line":99,"column":9}},"29":{"start":{"line":102,"column":4},"end":{"line":102,"column":16}},"30":{"start":{"line":106,"column":22},"end":{"line":137,"column":1}},"31":{"start":{"line":107,"column":2},"end":{"line":136,"column":3}},"32":{"start":{"line":108,"column":19},"end":{"line":108,"column":30}},"33":{"start":{"line":109,"column":20},"end":{"line":113,"column":5}},"34":{"start":{"line":122,"column":4},"end":{"line":133,"column":5}},"35":{"start":{"line":123,"column":6},"end":{"line":127,"column":9}},"36":{"start":{"line":129,"column":6},"end":{"line":132,"column":9}},"37":{"start":{"line":135,"column":4},"end":{"line":135,"column":16}},"38":{"start":{"line":139,"column":0},"end":{"line":145,"column":2}}},"fnMap":{"0":{"name":"(anonymous_0)","decl":{"start":{"line":4,"column":24},"end":{"line":4,"column":25}},"loc":{"start":{"line":4,"column":50},"end":{"line":19,"column":1}},"line":4},"1":{"name":"(anonymous_1)","decl":{"start":{"line":21,"column":23},"end":{"line":21,"column":24}},"loc":{"start":{"line":21,"column":49},"end":{"line":53,"column":1}},"line":21},"2":{"name":"(anonymous_2)","decl":{"start":{"line":55,"column":19},"end":{"line":55,"column":20}},"loc":{"start":{"line":55,"column":45},"end":{"line":71,"column":1}},"line":55},"3":{"name":"(anonymous_3)","decl":{"start":{"line":73,"column":22},"end":{"line":73,"column":23}},"loc":{"start":{"line":73,"column":48},"end":{"line":104,"column":1}},"line":73},"4":{"name":"(anonymous_4)","decl":{"start":{"line":106,"column":22},"end":{"line":106,"column":23}},"loc":{"start":{"line":106,"column":48},"end":{"line":137,"column":1}},"line":106}},"branchMap":{"0":{"loc":{"start":{"line":38,"column":4},"end":{"line":49,"column":5}},"type":"if","locations":[{"start":{"line":38,"column":4},"end":{"line":49,"column":5}},{"start":{"line":38,"column":4},"end":{"line":49,"column":5}}],"line":38},"1":{"loc":{"start":{"line":88,"column":4},"end":{"line":100,"column":5}},"type":"if","locations":[{"start":{"line":88,"column":4},"end":{"line":100,"column":5}},{"start":{"line":88,"column":4},"end":{"line":100,"column":5}}],"line":88},"2":{"loc":{"start":{"line":122,"column":4},"end":{"line":133,"column":5}},"type":"if","locations":[{"start":{"line":122,"column":4},"end":{"line":133,"column":5}},{"start":{"line":122,"column":4},"end":{"line":133,"column":5}}],"line":122}},"s":{"0":3,"1":3,"2":3,"3":3,"4":3,"5":3,"6":2,"7":1,"8":3,"9":3,"10":3,"11":3,"12":2,"13":1,"14":1,"15":1,"16":3,"17":2,"18":2,"19":2,"20":1,"21":1,"22":3,"23":3,"24":3,"25":3,"26":2,"27":1,"28":1,"29":1,"30":3,"31":5,"32":5,"33":5,"34":4,"35":3,"36":1,"37":1,"38":3},"f":{"0":3,"1":3,"2":2,"3":3,"4":5},"b":{"0":[1,1],"1":[1,1],"2":[3,1]},"_coverageSchema":"1a1c01bbd47fc00a2c39e90264f33305004495a9","hash":"7a45427b9b139b0a2f5c97ce89fe9ae720ff7d00"}
,"D:\\Node-js\\homeworks\\nodejs-hw-rest-api\\controllers\\users.js": {"path":"D:\\Node-js\\homeworks\\nodejs-hw-rest-api\\controllers\\users.js","statementMap":{"0":{"start":{"line":1,"column":12},"end":{"line":1,"column":35}},"1":{"start":{"line":2,"column":19},"end":{"line":2,"column":43}},"2":{"start":{"line":3,"column":22},"end":{"line":3,"column":37}},"3":{"start":{"line":5,"column":0},"end":{"line":5,"column":27}},"4":{"start":{"line":7,"column":19},"end":{"line":7,"column":44}},"5":{"start":{"line":8,"column":21},"end":{"line":8,"column":52}},"6":{"start":{"line":10,"column":21},"end":{"line":10,"column":64}},"7":{"start":{"line":12,"column":23},"end":{"line":12,"column":49}},"8":{"start":{"line":15,"column":0},"end":{"line":19,"column":3}},"9":{"start":{"line":21,"column":15},"end":{"line":43,"column":1}},"10":{"start":{"line":22,"column":2},"end":{"line":42,"column":3}},"11":{"start":{"line":23,"column":17},"end":{"line":23,"column":61}},"12":{"start":{"line":25,"column":4},"end":{"line":30,"column":5}},"13":{"start":{"line":26,"column":6},"end":{"line":29,"column":9}},"14":{"start":{"line":32,"column":20},"end":{"line":32,"column":53}},"15":{"start":{"line":33,"column":51},"end":{"line":33,"column":58}},"16":{"start":{"line":35,"column":4},"end":{"line":39,"column":7}},"17":{"start":{"line":41,"column":4},"end":{"line":41,"column":16}},"18":{"start":{"line":45,"column":14},"end":{"line":74,"column":1}},"19":{"start":{"line":46,"column":2},"end":{"line":73,"column":3}},"20":{"start":{"line":47,"column":32},"end":{"line":47,"column":40}},"21":{"start":{"line":48,"column":17},"end":{"line":48,"column":52}},"22":{"start":{"line":50,"column":28},"end":{"line":50,"column":63}},"23":{"start":{"line":52,"column":4},"end":{"line":57,"column":5}},"24":{"start":{"line":53,"column":6},"end":{"line":56,"column":9}},"25":{"start":{"line":59,"column":29},"end":{"line":59,"column":33}},"26":{"start":{"line":61,"column":20},"end":{"line":61,"column":35}},"27":{"start":{"line":62,"column":18},"end":{"line":62,"column":72}},"28":{"start":{"line":64,"column":4},"end":{"line":64,"column":49}},"29":{"start":{"line":66,"column":4},"end":{"line":70,"column":7}},"30":{"start":{"line":72,"column":4},"end":{"line":72,"column":16}},"31":{"start":{"line":76,"column":15},"end":{"line":84,"column":1}},"32":{"start":{"line":77,"column":2},"end":{"line":83,"column":3}},"33":{"start":{"line":78,"column":15},"end":{"line":78,"column":26}},"34":{"start":{"line":79,"column":4},"end":{"line":79,"column":43}},"35":{"start":{"line":80,"column":4},"end":{"line":80,"column":52}},"36":{"start":{"line":82,"column":4},"end":{"line":82,"column":16}},"37":{"start":{"line":86,"column":23},"end":{"line":97,"column":1}},"38":{"start":{"line":87,"column":2},"end":{"line":96,"column":3}},"39":{"start":{"line":88,"column":47},"end":{"line":88,"column":55}},"40":{"start":{"line":89,"column":4},"end":{"line":93,"column":7}},"41":{"start":{"line":95,"column":4},"end":{"line":95,"column":16}},"42":{"start":{"line":99,"column":31},"end":{"line":121,"column":1}},"43":{"start":{"line":100,"column":2},"end":{"line":120,"column":3}},"44":{"start":{"line":101,"column":19},"end":{"line":101,"column":27}},"45":{"start":{"line":102,"column":17},"end":{"line":102,"column":58}},"46":{"start":{"line":104,"column":36},"end":{"line":104,"column":40}},"47":{"start":{"line":106,"column":4},"end":{"line":117,"column":5}},"48":{"start":{"line":107,"column":6},"end":{"line":111,"column":9}},"49":{"start":{"line":113,"column":6},"end":{"line":116,"column":9}},"50":{"start":{"line":119,"column":4},"end":{"line":119,"column":16}},"51":{"start":{"line":123,"column":21},"end":{"line":163,"column":1}},"52":{"start":{"line":124,"column":2},"end":{"line":162,"column":3}},"53":{"start":{"line":125,"column":19},"end":{"line":125,"column":27}},"54":{"start":{"line":139,"column":24},"end":{"line":139,"column":61}},"55":{"start":{"line":140,"column":20},"end":{"line":140,"column":49}},"56":{"start":{"line":141,"column":37},"end":{"line":144,"column":5}},"57":{"start":{"line":146,"column":17},"end":{"line":146,"column":72}},"58":{"start":{"line":148,"column":4},"end":{"line":159,"column":5}},"59":{"start":{"line":149,"column":6},"end":{"line":153,"column":9}},"60":{"start":{"line":155,"column":6},"end":{"line":158,"column":9}},"61":{"start":{"line":161,"column":4},"end":{"line":161,"column":16}},"62":{"start":{"line":165,"column":0},"end":{"line":172,"column":2}}},"fnMap":{"0":{"name":"(anonymous_0)","decl":{"start":{"line":21,"column":15},"end":{"line":21,"column":16}},"loc":{"start":{"line":21,"column":41},"end":{"line":43,"column":1}},"line":21},"1":{"name":"(anonymous_1)","decl":{"start":{"line":45,"column":14},"end":{"line":45,"column":15}},"loc":{"start":{"line":45,"column":40},"end":{"line":74,"column":1}},"line":45},"2":{"name":"(anonymous_2)","decl":{"start":{"line":76,"column":15},"end":{"line":76,"column":16}},"loc":{"start":{"line":76,"column":41},"end":{"line":84,"column":1}},"line":76},"3":{"name":"(anonymous_3)","decl":{"start":{"line":86,"column":23},"end":{"line":86,"column":24}},"loc":{"start":{"line":86,"column":49},"end":{"line":97,"column":1}},"line":86},"4":{"name":"(anonymous_4)","decl":{"start":{"line":99,"column":31},"end":{"line":99,"column":32}},"loc":{"start":{"line":99,"column":57},"end":{"line":121,"column":1}},"line":99},"5":{"name":"(anonymous_5)","decl":{"start":{"line":123,"column":21},"end":{"line":123,"column":22}},"loc":{"start":{"line":123,"column":47},"end":{"line":163,"column":1}},"line":123}},"branchMap":{"0":{"loc":{"start":{"line":25,"column":4},"end":{"line":30,"column":5}},"type":"if","locations":[{"start":{"line":25,"column":4},"end":{"line":30,"column":5}},{"start":{"line":25,"column":4},"end":{"line":30,"column":5}}],"line":25},"1":{"loc":{"start":{"line":52,"column":4},"end":{"line":57,"column":5}},"type":"if","locations":[{"start":{"line":52,"column":4},"end":{"line":57,"column":5}},{"start":{"line":52,"column":4},"end":{"line":57,"column":5}}],"line":52},"2":{"loc":{"start":{"line":52,"column":8},"end":{"line":52,"column":33}},"type":"binary-expr","locations":[{"start":{"line":52,"column":8},"end":{"line":52,"column":13}},{"start":{"line":52,"column":17},"end":{"line":52,"column":33}}],"line":52},"3":{"loc":{"start":{"line":106,"column":4},"end":{"line":117,"column":5}},"type":"if","locations":[{"start":{"line":106,"column":4},"end":{"line":117,"column":5}},{"start":{"line":106,"column":4},"end":{"line":117,"column":5}}],"line":106},"4":{"loc":{"start":{"line":148,"column":4},"end":{"line":159,"column":5}},"type":"if","locations":[{"start":{"line":148,"column":4},"end":{"line":159,"column":5}},{"start":{"line":148,"column":4},"end":{"line":159,"column":5}}],"line":148}},"s":{"0":2,"1":2,"2":2,"3":2,"4":2,"5":2,"6":2,"7":2,"8":2,"9":2,"10":2,"11":2,"12":2,"13":1,"14":1,"15":1,"16":1,"17":0,"18":2,"19":2,"20":2,"21":2,"22":2,"23":2,"24":1,"25":1,"26":1,"27":1,"28":1,"29":1,"30":0,"31":2,"32":0,"33":0,"34":0,"35":0,"36":0,"37":2,"38":0,"39":0,"40":0,"41":0,"42":2,"43":0,"44":0,"45":0,"46":0,"47":0,"48":0,"49":0,"50":0,"51":2,"52":1,"53":1,"54":1,"55":1,"56":1,"57":1,"58":1,"59":1,"60":0,"61":0,"62":2},"f":{"0":2,"1":2,"2":0,"3":0,"4":0,"5":1},"b":{"0":[1,1],"1":[1,1],"2":[2,1],"3":[0,0],"4":[1,0]},"_coverageSchema":"1a1c01bbd47fc00a2c39e90264f33305004495a9","hash":"e890e541868a2641a40e6bf9b873bd40efa920c5"}
,"D:\\Node-js\\homeworks\\nodejs-hw-rest-api\\helpers\\constants.js": {"path":"D:\\Node-js\\homeworks\\nodejs-hw-rest-api\\helpers\\constants.js","statementMap":{"0":{"start":{"line":1,"column":17},"end":{"line":11,"column":1}},"1":{"start":{"line":13,"column":21},"end":{"line":17,"column":1}},"2":{"start":{"line":19,"column":0},"end":{"line":22,"column":2}}},"fnMap":{},"branchMap":{},"s":{"0":4,"1":4,"2":4},"f":{},"b":{},"_coverageSchema":"1a1c01bbd47fc00a2c39e90264f33305004495a9","hash":"f995f808fd69bc226e4935fe6fb33a059880152a"}
,"D:\\Node-js\\homeworks\\nodejs-hw-rest-api\\helpers\\guard.js": {"path":"D:\\Node-js\\homeworks\\nodejs-hw-rest-api\\helpers\\guard.js","statementMap":{"0":{"start":{"line":1,"column":17},"end":{"line":1,"column":36}},"1":{"start":{"line":2,"column":0},"end":{"line":2,"column":30}},"2":{"start":{"line":4,"column":21},"end":{"line":4,"column":43}},"3":{"start":{"line":6,"column":14},"end":{"line":27,"column":1}},"4":{"start":{"line":7,"column":2},"end":{"line":26,"column":21}},"5":{"start":{"line":8,"column":16},"end":{"line":8,"column":20}},"6":{"start":{"line":9,"column":4},"end":{"line":11,"column":5}},"7":{"start":{"line":10,"column":6},"end":{"line":10,"column":53}},"8":{"start":{"line":12,"column":4},"end":{"line":22,"column":5}},"9":{"start":{"line":18,"column":6},"end":{"line":21,"column":9}},"10":{"start":{"line":24,"column":4},"end":{"line":24,"column":20}},"11":{"start":{"line":25,"column":4},"end":{"line":25,"column":18}},"12":{"start":{"line":29,"column":0},"end":{"line":29,"column":23}}},"fnMap":{"0":{"name":"(anonymous_0)","decl":{"start":{"line":6,"column":14},"end":{"line":6,"column":15}},"loc":{"start":{"line":6,"column":34},"end":{"line":27,"column":1}},"line":6},"1":{"name":"(anonymous_1)","decl":{"start":{"line":7,"column":51},"end":{"line":7,"column":52}},"loc":{"start":{"line":7,"column":68},"end":{"line":26,"column":3}},"line":7}},"branchMap":{"0":{"loc":{"start":{"line":9,"column":4},"end":{"line":11,"column":5}},"type":"if","locations":[{"start":{"line":9,"column":4},"end":{"line":11,"column":5}},{"start":{"line":9,"column":4},"end":{"line":11,"column":5}}],"line":9},"1":{"loc":{"start":{"line":12,"column":4},"end":{"line":22,"column":5}},"type":"if","locations":[{"start":{"line":12,"column":4},"end":{"line":22,"column":5}},{"start":{"line":12,"column":4},"end":{"line":22,"column":5}}],"line":12},"2":{"loc":{"start":{"line":12,"column":8},"end":{"line":12,"column":46}},"type":"binary-expr","locations":[{"start":{"line":12,"column":8},"end":{"line":12,"column":13}},{"start":{"line":12,"column":17},"end":{"line":12,"column":22}},{"start":{"line":12,"column":26},"end":{"line":12,"column":46}}],"line":12}},"s":{"0":3,"1":3,"2":3,"3":3,"4":18,"5":18,"6":18,"7":18,"8":18,"9":4,"10":14,"11":14,"12":3},"f":{"0":18,"1":18},"b":{"0":[18,0],"1":[4,14],"2":[18,16,15]},"_coverageSchema":"1a1c01bbd47fc00a2c39e90264f33305004495a9","hash":"8022cf6987a6d4337c6a53f94c22fb1d3d59aa6f"}
,"D:\\Node-js\\homeworks\\nodejs-hw-rest-api\\helpers\\limiter.js": {"path":"D:\\Node-js\\homeworks\\nodejs-hw-rest-api\\helpers\\limiter.js","statementMap":{"0":{"start":{"line":1,"column":18},"end":{"line":1,"column":47}},"1":{"start":{"line":2,"column":21},"end":{"line":2,"column":43}},"2":{"start":{"line":3,"column":41},"end":{"line":3,"column":77}},"3":{"start":{"line":5,"column":16},"end":{"line":14,"column":2}},"4":{"start":{"line":9,"column":4},"end":{"line":12,"column":7}},"5":{"start":{"line":16,"column":29},"end":{"line":26,"column":2}},"6":{"start":{"line":20,"column":4},"end":{"line":24,"column":7}},"7":{"start":{"line":28,"column":0},"end":{"line":28,"column":51}}},"fnMap":{"0":{"name":"(anonymous_0)","decl":{"start":{"line":8,"column":11},"end":{"line":8,"column":12}},"loc":{"start":{"line":8,"column":31},"end":{"line":13,"column":3}},"line":8},"1":{"name":"(anonymous_1)","decl":{"start":{"line":19,"column":11},"end":{"line":19,"column":12}},"loc":{"start":{"line":19,"column":31},"end":{"line":25,"column":3}},"line":19}},"branchMap":{},"s":{"0":2,"1":2,"2":2,"3":2,"4":0,"5":2,"6":0,"7":2},"f":{"0":0,"1":0},"b":{},"_coverageSchema":"1a1c01bbd47fc00a2c39e90264f33305004495a9","hash":"65bc1ad7c1c6604cd083cf96e3c18f9b89f0ae56"}
,"D:\\Node-js\\homeworks\\nodejs-hw-rest-api\\helpers\\upload.js": {"path":"D:\\Node-js\\homeworks\\nodejs-hw-rest-api\\helpers\\upload.js","statementMap":{"0":{"start":{"line":1,"column":15},"end":{"line":1,"column":32}},"1":{"start":{"line":2,"column":0},"end":{"line":2,"column":27}},"2":{"start":{"line":3,"column":26},"end":{"line":3,"column":62}},"3":{"start":{"line":5,"column":19},"end":{"line":5,"column":41}},"4":{"start":{"line":7,"column":16},"end":{"line":14,"column":2}},"5":{"start":{"line":9,"column":4},"end":{"line":9,"column":25}},"6":{"start":{"line":12,"column":4},"end":{"line":12,"column":62}},"7":{"start":{"line":16,"column":15},"end":{"line":26,"column":2}},"8":{"start":{"line":20,"column":4},"end":{"line":23,"column":5}},"9":{"start":{"line":21,"column":6},"end":{"line":21,"column":21}},"10":{"start":{"line":22,"column":6},"end":{"line":22,"column":13}},"11":{"start":{"line":24,"column":4},"end":{"line":24,"column":20}},"12":{"start":{"line":28,"column":0},"end":{"line":28,"column":24}}},"fnMap":{"0":{"name":"(anonymous_0)","decl":{"start":{"line":8,"column":15},"end":{"line":8,"column":16}},"loc":{"start":{"line":8,"column":40},"end":{"line":10,"column":3}},"line":8},"1":{"name":"(anonymous_1)","decl":{"start":{"line":11,"column":12},"end":{"line":11,"column":13}},"loc":{"start":{"line":11,"column":37},"end":{"line":13,"column":3}},"line":11},"2":{"name":"(anonymous_2)","decl":{"start":{"line":19,"column":14},"end":{"line":19,"column":15}},"loc":{"start":{"line":19,"column":33},"end":{"line":25,"column":3}},"line":19}},"branchMap":{"0":{"loc":{"start":{"line":20,"column":4},"end":{"line":23,"column":5}},"type":"if","locations":[{"start":{"line":20,"column":4},"end":{"line":23,"column":5}},{"start":{"line":20,"column":4},"end":{"line":23,"column":5}}],"line":20}},"s":{"0":2,"1":2,"2":2,"3":2,"4":2,"5":1,"6":1,"7":2,"8":1,"9":1,"10":1,"11":0,"12":2},"f":{"0":1,"1":1,"2":1},"b":{"0":[1,0]},"_coverageSchema":"1a1c01bbd47fc00a2c39e90264f33305004495a9","hash":"4223e25f6c3eceb192a9ab3abcf9c9bf2d2fb8fe"}
,"D:\\Node-js\\homeworks\\nodejs-hw-rest-api\\model\\contacts.js": {"path":"D:\\Node-js\\homeworks\\nodejs-hw-rest-api\\model\\contacts.js","statementMap":{"0":{"start":{"line":1,"column":16},"end":{"line":1,"column":45}},"1":{"start":{"line":3,"column":21},"end":{"line":49,"column":1}},"2":{"start":{"line":12,"column":6},"end":{"line":12,"column":11}},"3":{"start":{"line":14,"column":23},"end":{"line":14,"column":40}},"4":{"start":{"line":17,"column":2},"end":{"line":19,"column":3}},"5":{"start":{"line":18,"column":4},"end":{"line":18,"column":37}},"6":{"start":{"line":21,"column":18},"end":{"line":34,"column":4}},"7":{"start":{"line":36,"column":47},"end":{"line":36,"column":54}},"8":{"start":{"line":42,"column":2},"end":{"line":48,"column":4}},"9":{"start":{"line":51,"column":23},"end":{"line":62,"column":1}},"10":{"start":{"line":52,"column":17},"end":{"line":55,"column":63}},"11":{"start":{"line":61,"column":2},"end":{"line":61,"column":16}},"12":{"start":{"line":64,"column":22},"end":{"line":75,"column":1}},"13":{"start":{"line":65,"column":17},"end":{"line":68,"column":4}},"14":{"start":{"line":74,"column":2},"end":{"line":74,"column":16}},"15":{"start":{"line":77,"column":19},"end":{"line":80,"column":1}},"16":{"start":{"line":78,"column":17},"end":{"line":78,"column":43}},"17":{"start":{"line":79,"column":2},"end":{"line":79,"column":16}},"18":{"start":{"line":82,"column":22},"end":{"line":92,"column":1}},"19":{"start":{"line":83,"column":17},"end":{"line":90,"column":3}},"20":{"start":{"line":91,"column":2},"end":{"line":91,"column":16}},"21":{"start":{"line":105,"column":0},"end":{"line":111,"column":2}}},"fnMap":{"0":{"name":"(anonymous_0)","decl":{"start":{"line":3,"column":21},"end":{"line":3,"column":22}},"loc":{"start":{"line":3,"column":46},"end":{"line":49,"column":1}},"line":3},"1":{"name":"(anonymous_1)","decl":{"start":{"line":51,"column":23},"end":{"line":51,"column":24}},"loc":{"start":{"line":51,"column":52},"end":{"line":62,"column":1}},"line":51},"2":{"name":"(anonymous_2)","decl":{"start":{"line":64,"column":22},"end":{"line":64,"column":23}},"loc":{"start":{"line":64,"column":51},"end":{"line":75,"column":1}},"line":64},"3":{"name":"(anonymous_3)","decl":{"start":{"line":77,"column":19},"end":{"line":77,"column":20}},"loc":{"start":{"line":77,"column":33},"end":{"line":80,"column":1}},"line":77},"4":{"name":"(anonymous_4)","decl":{"start":{"line":82,"column":22},"end":{"line":82,"column":23}},"loc":{"start":{"line":82,"column":57},"end":{"line":92,"column":1}},"line":82}},"branchMap":{"0":{"loc":{"start":{"line":5,"column":4},"end":{"line":5,"column":14}},"type":"default-arg","locations":[{"start":{"line":5,"column":12},"end":{"line":5,"column":14}}],"line":5},"1":{"loc":{"start":{"line":6,"column":4},"end":{"line":6,"column":14}},"type":"default-arg","locations":[{"start":{"line":6,"column":13},"end":{"line":6,"column":14}}],"line":6},"2":{"loc":{"start":{"line":7,"column":4},"end":{"line":7,"column":12}},"type":"default-arg","locations":[{"start":{"line":7,"column":11},"end":{"line":7,"column":12}}],"line":7},"3":{"loc":{"start":{"line":11,"column":4},"end":{"line":11,"column":19}},"type":"default-arg","locations":[{"start":{"line":11,"column":15},"end":{"line":11,"column":19}}],"line":11},"4":{"loc":{"start":{"line":17,"column":2},"end":{"line":19,"column":3}},"type":"if","locations":[{"start":{"line":17,"column":2},"end":{"line":19,"column":3}},{"start":{"line":17,"column":2},"end":{"line":19,"column":3}}],"line":17},"5":{"loc":{"start":{"line":25,"column":12},"end":{"line":25,"column":53}},"type":"cond-expr","locations":[{"start":{"line":25,"column":21},"end":{"line":25,"column":48}},{"start":{"line":25,"column":51},"end":{"line":25,"column":53}}],"line":25},"6":{"loc":{"start":{"line":27,"column":10},"end":{"line":27,"column":44}},"type":"cond-expr","locations":[{"start":{"line":27,"column":19},"end":{"line":27,"column":39}},{"start":{"line":27,"column":42},"end":{"line":27,"column":44}}],"line":27},"7":{"loc":{"start":{"line":28,"column":10},"end":{"line":28,"column":53}},"type":"cond-expr","locations":[{"start":{"line":28,"column":23},"end":{"line":28,"column":48}},{"start":{"line":28,"column":51},"end":{"line":28,"column":53}}],"line":28}},"s":{"0":3,"1":3,"2":1,"3":1,"4":1,"5":0,"6":1,"7":1,"8":1,"9":3,"10":1,"11":1,"12":3,"13":1,"14":1,"15":3,"16":1,"17":1,"18":3,"19":2,"20":2,"21":3},"f":{"0":1,"1":1,"2":1,"3":1,"4":2},"b":{"0":[1],"1":[1],"2":[1],"3":[1],"4":[0,1],"5":[0,1],"6":[0,1],"7":[0,1]},"_coverageSchema":"1a1c01bbd47fc00a2c39e90264f33305004495a9","hash":"0a355a79363ea38ee28c018b0d7ece5e4569a12b"}
,"D:\\Node-js\\homeworks\\nodejs-hw-rest-api\\model\\db.js": {"path":"D:\\Node-js\\homeworks\\nodejs-hw-rest-api\\model\\db.js","statementMap":{"0":{"start":{"line":1,"column":17},"end":{"line":1,"column":36}},"1":{"start":{"line":3,"column":0},"end":{"line":3,"column":27}},"2":{"start":{"line":5,"column":12},"end":{"line":5,"column":16}},"3":{"start":{"line":7,"column":0},"end":{"line":11,"column":1}},"4":{"start":{"line":8,"column":2},"end":{"line":8,"column":34}},"5":{"start":{"line":10,"column":2},"end":{"line":10,"column":29}},"6":{"start":{"line":13,"column":11},"end":{"line":19,"column":2}},"7":{"start":{"line":21,"column":0},"end":{"line":23,"column":3}},"8":{"start":{"line":22,"column":2},"end":{"line":22,"column":48}},"9":{"start":{"line":25,"column":0},"end":{"line":28,"column":3}},"10":{"start":{"line":26,"column":2},"end":{"line":26,"column":61}},"11":{"start":{"line":27,"column":2},"end":{"line":27,"column":18}},"12":{"start":{"line":30,"column":0},"end":{"line":32,"column":3}},"13":{"start":{"line":31,"column":2},"end":{"line":31,"column":39}},"14":{"start":{"line":34,"column":0},"end":{"line":39,"column":3}},"15":{"start":{"line":35,"column":2},"end":{"line":38,"column":5}},"16":{"start":{"line":36,"column":4},"end":{"line":36,"column":33}},"17":{"start":{"line":37,"column":4},"end":{"line":37,"column":19}},"18":{"start":{"line":41,"column":0},"end":{"line":41,"column":20}}},"fnMap":{"0":{"name":"(anonymous_0)","decl":{"start":{"line":21,"column":36},"end":{"line":21,"column":37}},"loc":{"start":{"line":21,"column":42},"end":{"line":23,"column":1}},"line":21},"1":{"name":"(anonymous_1)","decl":{"start":{"line":25,"column":32},"end":{"line":25,"column":33}},"loc":{"start":{"line":25,"column":41},"end":{"line":28,"column":1}},"line":25},"2":{"name":"(anonymous_2)","decl":{"start":{"line":30,"column":39},"end":{"line":30,"column":40}},"loc":{"start":{"line":30,"column":45},"end":{"line":32,"column":1}},"line":30},"3":{"name":"(anonymous_3)","decl":{"start":{"line":34,"column":21},"end":{"line":34,"column":22}},"loc":{"start":{"line":34,"column":33},"end":{"line":39,"column":1}},"line":34},"4":{"name":"(anonymous_4)","decl":{"start":{"line":35,"column":28},"end":{"line":35,"column":29}},"loc":{"start":{"line":35,"column":34},"end":{"line":38,"column":3}},"line":35}},"branchMap":{"0":{"loc":{"start":{"line":7,"column":0},"end":{"line":11,"column":1}},"type":"if","locations":[{"start":{"line":7,"column":0},"end":{"line":11,"column":1}},{"start":{"line":7,"column":0},"end":{"line":11,"column":1}}],"line":7}},"s":{"0":2,"1":2,"2":2,"3":2,"4":2,"5":0,"6":2,"7":2,"8":2,"9":2,"10":0,"11":0,"12":2,"13":2,"14":2,"15":0,"16":0,"17":0,"18":2},"f":{"0":2,"1":0,"2":2,"3":0,"4":0},"b":{"0":[2,0]},"_coverageSchema":"1a1c01bbd47fc00a2c39e90264f33305004495a9","hash":"eb09ff94a8540fa998a9a161daf69e539c641bf2"}
,"D:\\Node-js\\homeworks\\nodejs-hw-rest-api\\model\\users.js": {"path":"D:\\Node-js\\homeworks\\nodejs-hw-rest-api\\model\\users.js","statementMap":{"0":{"start":{"line":1,"column":13},"end":{"line":1,"column":39}},"1":{"start":{"line":3,"column":17},"end":{"line":5,"column":1}},"2":{"start":{"line":4,"column":2},"end":{"line":4,"column":33}},"3":{"start":{"line":7,"column":20},"end":{"line":9,"column":1}},"4":{"start":{"line":8,"column":2},"end":{"line":8,"column":39}},"5":{"start":{"line":11,"column":15},"end":{"line":14,"column":1}},"6":{"start":{"line":12,"column":15},"end":{"line":12,"column":32}},"7":{"start":{"line":13,"column":2},"end":{"line":13,"column":27}},"8":{"start":{"line":16,"column":20},"end":{"line":18,"column":1}},"9":{"start":{"line":17,"column":2},"end":{"line":17,"column":53}},"10":{"start":{"line":20,"column":19},"end":{"line":23,"column":1}},"11":{"start":{"line":21,"column":17},"end":{"line":21,"column":77}},"12":{"start":{"line":22,"column":2},"end":{"line":22,"column":16}},"13":{"start":{"line":31,"column":21},"end":{"line":33,"column":1}},"14":{"start":{"line":32,"column":2},"end":{"line":32,"column":79}},"15":{"start":{"line":35,"column":0},"end":{"line":42,"column":2}}},"fnMap":{"0":{"name":"(anonymous_0)","decl":{"start":{"line":3,"column":17},"end":{"line":3,"column":18}},"loc":{"start":{"line":3,"column":29},"end":{"line":5,"column":1}},"line":3},"1":{"name":"(anonymous_1)","decl":{"start":{"line":7,"column":20},"end":{"line":7,"column":21}},"loc":{"start":{"line":7,"column":35},"end":{"line":9,"column":1}},"line":7},"2":{"name":"(anonymous_2)","decl":{"start":{"line":11,"column":15},"end":{"line":11,"column":16}},"loc":{"start":{"line":11,"column":32},"end":{"line":14,"column":1}},"line":11},"3":{"name":"(anonymous_3)","decl":{"start":{"line":16,"column":20},"end":{"line":16,"column":21}},"loc":{"start":{"line":16,"column":41},"end":{"line":18,"column":1}},"line":16},"4":{"name":"(anonymous_4)","decl":{"start":{"line":20,"column":19},"end":{"line":20,"column":20}},"loc":{"start":{"line":20,"column":39},"end":{"line":23,"column":1}},"line":20},"5":{"name":"(anonymous_5)","decl":{"start":{"line":31,"column":21},"end":{"line":31,"column":22}},"loc":{"start":{"line":31,"column":64},"end":{"line":33,"column":1}},"line":31}},"branchMap":{"0":{"loc":{"start":{"line":31,"column":43},"end":{"line":31,"column":59}},"type":"default-arg","locations":[{"start":{"line":31,"column":55},"end":{"line":31,"column":59}}],"line":31}},"s":{"0":3,"1":3,"2":13,"3":3,"4":4,"5":3,"6":2,"7":2,"8":3,"9":2,"10":3,"11":0,"12":0,"13":3,"14":1,"15":3},"f":{"0":13,"1":4,"2":2,"3":2,"4":0,"5":1},"b":{"0":[0]},"_coverageSchema":"1a1c01bbd47fc00a2c39e90264f33305004495a9","hash":"9501728d4ddfcfe63c1bfb15690010a82a1f8a1e"}
,"D:\\Node-js\\homeworks\\nodejs-hw-rest-api\\routes\\api\\contacts.js": {"path":"D:\\Node-js\\homeworks\\nodejs-hw-rest-api\\routes\\api\\contacts.js","statementMap":{"0":{"start":{"line":1,"column":16},"end":{"line":1,"column":34}},"1":{"start":{"line":2,"column":15},"end":{"line":2,"column":31}},"2":{"start":{"line":4,"column":14},"end":{"line":4,"column":44}},"3":{"start":{"line":11,"column":4},"end":{"line":11,"column":41}},"4":{"start":{"line":17,"column":4},"end":{"line":17,"column":40}},"5":{"start":{"line":19,"column":0},"end":{"line":31,"column":4}},"6":{"start":{"line":33,"column":0},"end":{"line":33,"column":24}}},"fnMap":{},"branchMap":{},"s":{"0":2,"1":2,"2":2,"3":2,"4":2,"5":2,"6":2},"f":{},"b":{},"_coverageSchema":"1a1c01bbd47fc00a2c39e90264f33305004495a9","hash":"e7cc5bdd5e0800cf0633d3e71d74617b6409ab00"}
,"D:\\Node-js\\homeworks\\nodejs-hw-rest-api\\routes\\api\\users.js": {"path":"D:\\Node-js\\homeworks\\nodejs-hw-rest-api\\routes\\api\\users.js","statementMap":{"0":{"start":{"line":1,"column":16},"end":{"line":1,"column":34}},"1":{"start":{"line":2,"column":15},"end":{"line":2,"column":31}},"2":{"start":{"line":11,"column":4},"end":{"line":11,"column":38}},"3":{"start":{"line":16,"column":4},"end":{"line":16,"column":37}},"4":{"start":{"line":17,"column":14},"end":{"line":17,"column":44}},"5":{"start":{"line":18,"column":33},"end":{"line":18,"column":65}},"6":{"start":{"line":19,"column":15},"end":{"line":19,"column":46}},"7":{"start":{"line":21,"column":0},"end":{"line":27,"column":67}},"8":{"start":{"line":29,"column":0},"end":{"line":29,"column":24}}},"fnMap":{},"branchMap":{},"s":{"0":2,"1":2,"2":2,"3":2,"4":2,"5":2,"6":2,"7":2,"8":2},"f":{},"b":{},"_coverageSchema":"1a1c01bbd47fc00a2c39e90264f33305004495a9","hash":"d961247db4126dd405a48cf3bcc610a91cbaab71"}
,"D:\\Node-js\\homeworks\\nodejs-hw-rest-api\\schemas\\contact.js": {"path":"D:\\Node-js\\homeworks\\nodejs-hw-rest-api\\schemas\\contact.js","statementMap":{"0":{"start":{"line":1,"column":17},"end":{"line":1,"column":36}},"1":{"start":{"line":2,"column":32},"end":{"line":2,"column":40}},"2":{"start":{"line":3,"column":25},"end":{"line":3,"column":56}},"3":{"start":{"line":5,"column":22},"end":{"line":51,"column":1}},"4":{"start":{"line":38,"column":8},"end":{"line":38,"column":23}},"5":{"start":{"line":39,"column":8},"end":{"line":39,"column":19}},"6":{"start":{"line":46,"column":8},"end":{"line":46,"column":23}},"7":{"start":{"line":47,"column":8},"end":{"line":47,"column":19}},"8":{"start":{"line":53,"column":0},"end":{"line":56,"column":3}},"9":{"start":{"line":54,"column":13},"end":{"line":54,"column":73}},"10":{"start":{"line":55,"column":2},"end":{"line":55,"column":32}},"11":{"start":{"line":58,"column":0},"end":{"line":58,"column":39}},"12":{"start":{"line":60,"column":16},"end":{"line":60,"column":56}},"13":{"start":{"line":62,"column":0},"end":{"line":62,"column":25}}},"fnMap":{"0":{"name":"(anonymous_0)","decl":{"start":{"line":37,"column":17},"end":{"line":37,"column":18}},"loc":{"start":{"line":37,"column":37},"end":{"line":40,"column":7}},"line":37},"1":{"name":"(anonymous_1)","decl":{"start":{"line":45,"column":17},"end":{"line":45,"column":18}},"loc":{"start":{"line":45,"column":37},"end":{"line":48,"column":7}},"line":45},"2":{"name":"(anonymous_2)","decl":{"start":{"line":53,"column":36},"end":{"line":53,"column":37}},"loc":{"start":{"line":53,"column":45},"end":{"line":56,"column":1}},"line":53}},"branchMap":{},"s":{"0":3,"1":3,"2":3,"3":3,"4":0,"5":0,"6":5,"7":5,"8":3,"9":6,"10":6,"11":3,"12":3,"13":3},"f":{"0":0,"1":5,"2":6},"b":{},"_coverageSchema":"1a1c01bbd47fc00a2c39e90264f33305004495a9","hash":"c76b04d8785936d56ecce32b17a21c9d0d64fc14"}
,"D:\\Node-js\\homeworks\\nodejs-hw-rest-api\\schemas\\user.js": {"path":"D:\\Node-js\\homeworks\\nodejs-hw-rest-api\\schemas\\user.js","statementMap":{"0":{"start":{"line":1,"column":17},"end":{"line":1,"column":36}},"1":{"start":{"line":2,"column":19},"end":{"line":2,"column":27}},"2":{"start":{"line":3,"column":17},"end":{"line":3,"column":36}},"3":{"start":{"line":5,"column":15},"end":{"line":5,"column":34}},"4":{"start":{"line":6,"column":20},"end":{"line":6,"column":21}},"5":{"start":{"line":8,"column":25},"end":{"line":8,"column":56}},"6":{"start":{"line":10,"column":19},"end":{"line":49,"column":1}},"7":{"start":{"line":37,"column":8},"end":{"line":37,"column":58}},"8":{"start":{"line":51,"column":0},"end":{"line":54,"column":3}},"9":{"start":{"line":52,"column":13},"end":{"line":52,"column":29}},"10":{"start":{"line":53,"column":2},"end":{"line":53,"column":46}},"11":{"start":{"line":56,"column":0},"end":{"line":62,"column":3}},"12":{"start":{"line":57,"column":2},"end":{"line":60,"column":3}},"13":{"start":{"line":58,"column":17},"end":{"line":58,"column":50}},"14":{"start":{"line":59,"column":4},"end":{"line":59,"column":59}},"15":{"start":{"line":61,"column":2},"end":{"line":61,"column":9}},"16":{"start":{"line":64,"column":0},"end":{"line":66,"column":2}},"17":{"start":{"line":65,"column":2},"end":{"line":65,"column":63}},"18":{"start":{"line":68,"column":13},"end":{"line":68,"column":47}},"19":{"start":{"line":70,"column":0},"end":{"line":70,"column":22}}},"fnMap":{"0":{"name":"(anonymous_0)","decl":{"start":{"line":36,"column":15},"end":{"line":36,"column":16}},"loc":{"start":{"line":36,"column":27},"end":{"line":38,"column":7}},"line":36},"1":{"name":"(anonymous_1)","decl":{"start":{"line":51,"column":34},"end":{"line":51,"column":35}},"loc":{"start":{"line":51,"column":43},"end":{"line":54,"column":1}},"line":51},"2":{"name":"(anonymous_2)","decl":{"start":{"line":56,"column":23},"end":{"line":56,"column":24}},"loc":{"start":{"line":56,"column":45},"end":{"line":62,"column":1}},"line":56},"3":{"name":"(anonymous_3)","decl":{"start":{"line":64,"column":35},"end":{"line":64,"column":36}},"loc":{"start":{"line":64,"column":61},"end":{"line":66,"column":1}},"line":64}},"branchMap":{"0":{"loc":{"start":{"line":57,"column":2},"end":{"line":60,"column":3}},"type":"if","locations":[{"start":{"line":57,"column":2},"end":{"line":60,"column":3}},{"start":{"line":57,"column":2},"end":{"line":60,"column":3}}],"line":57}},"s":{"0":3,"1":3,"2":3,"3":3,"4":3,"5":3,"6":3,"7":2,"8":3,"9":2,"10":2,"11":3,"12":2,"13":2,"14":2,"15":2,"16":3,"17":1,"18":3,"19":3},"f":{"0":2,"1":2,"2":2,"3":1},"b":{"0":[2,0]},"_coverageSchema":"1a1c01bbd47fc00a2c39e90264f33305004495a9","hash":"3569586bf24361d46fbac48a554b6117a64f7539"}
,"D:\\Node-js\\homeworks\\nodejs-hw-rest-api\\services\\upload-avatars-cloud.js": {"path":"D:\\Node-js\\homeworks\\nodejs-hw-rest-api\\services\\upload-avatars-cloud.js","statementMap":{"0":{"start":{"line":1,"column":11},"end":{"line":1,"column":33}},"1":{"start":{"line":5,"column":4},"end":{"line":5,"column":35}},"2":{"start":{"line":10,"column":6},"end":{"line":14,"column":8}},"3":{"start":{"line":16,"column":4},"end":{"line":16,"column":43}},"4":{"start":{"line":17,"column":4},"end":{"line":17,"column":57}},"5":{"start":{"line":21,"column":4},"end":{"line":28,"column":5}},"6":{"start":{"line":22,"column":6},"end":{"line":24,"column":7}},"7":{"start":{"line":23,"column":8},"end":{"line":23,"column":15}},"8":{"start":{"line":25,"column":6},"end":{"line":25,"column":32}},"9":{"start":{"line":27,"column":6},"end":{"line":27,"column":52}},"10":{"start":{"line":32,"column":0},"end":{"line":32,"column":30}}},"fnMap":{"0":{"name":"(anonymous_0)","decl":{"start":{"line":4,"column":2},"end":{"line":4,"column":3}},"loc":{"start":{"line":4,"column":27},"end":{"line":6,"column":3}},"line":4},"1":{"name":"(anonymous_1)","decl":{"start":{"line":8,"column":2},"end":{"line":8,"column":3}},"loc":{"start":{"line":8,"column":47},"end":{"line":18,"column":3}},"line":8},"2":{"name":"(anonymous_2)","decl":{"start":{"line":20,"column":2},"end":{"line":20,"column":3}},"loc":{"start":{"line":20,"column":36},"end":{"line":29,"column":3}},"line":20}},"branchMap":{"0":{"loc":{"start":{"line":22,"column":6},"end":{"line":24,"column":7}},"type":"if","locations":[{"start":{"line":22,"column":6},"end":{"line":24,"column":7}},{"start":{"line":22,"column":6},"end":{"line":24,"column":7}}],"line":22}},"s":{"0":2,"1":1,"2":1,"3":1,"4":1,"5":1,"6":1,"7":0,"8":1,"9":0,"10":2},"f":{"0":1,"1":1,"2":1},"b":{"0":[0,1]},"_coverageSchema":"1a1c01bbd47fc00a2c39e90264f33305004495a9","hash":"6f25077b991a3a4529378fccd65c4c4bfbdce2a7"}
,"D:\\Node-js\\homeworks\\nodejs-hw-rest-api\\test\\data\\data.js": {"path":"D:\\Node-js\\homeworks\\nodejs-hw-rest-api\\test\\data\\data.js","statementMap":{"0":{"start":{"line":1,"column":19},"end":{"line":6,"column":1}},"1":{"start":{"line":8,"column":16},"end":{"line":12,"column":1}},"2":{"start":{"line":14,"column":20},"end":{"line":17,"column":1}},"3":{"start":{"line":19,"column":0},"end":{"line":19,"column":54}}},"fnMap":{},"branchMap":{},"s":{"0":2,"1":2,"2":2,"3":2},"f":{},"b":{},"_coverageSchema":"1a1c01bbd47fc00a2c39e90264f33305004495a9","hash":"7531d0130ee9597e66b17bb1ac4967b540f651ec"}
,"D:\\Node-js\\homeworks\\nodejs-hw-rest-api\\validation\\contacts.js": {"path":"D:\\Node-js\\homeworks\\nodejs-hw-rest-api\\validation\\contacts.js","statementMap":{"0":{"start":{"line":1,"column":12},"end":{"line":1,"column":26}},"1":{"start":{"line":2,"column":17},"end":{"line":2,"column":36}},"2":{"start":{"line":3,"column":21},"end":{"line":3,"column":52}},"3":{"start":{"line":5,"column":25},"end":{"line":19,"column":2}},"4":{"start":{"line":21,"column":28},"end":{"line":35,"column":9}},"5":{"start":{"line":37,"column":34},"end":{"line":39,"column":2}},"6":{"start":{"line":41,"column":17},"end":{"line":51,"column":1}},"7":{"start":{"line":42,"column":2},"end":{"line":50,"column":3}},"8":{"start":{"line":43,"column":4},"end":{"line":43,"column":37}},"9":{"start":{"line":44,"column":4},"end":{"line":44,"column":11}},"10":{"start":{"line":46,"column":4},"end":{"line":49,"column":7}},"11":{"start":{"line":53,"column":0},"end":{"line":65,"column":2}},"12":{"start":{"line":54,"column":2},"end":{"line":64,"column":3}},"13":{"start":{"line":55,"column":18},"end":{"line":55,"column":70}},"14":{"start":{"line":56,"column":4},"end":{"line":61,"column":11}},"15":{"start":{"line":63,"column":4},"end":{"line":63,"column":16}},"16":{"start":{"line":67,"column":0},"end":{"line":69,"column":2}},"17":{"start":{"line":68,"column":2},"end":{"line":68,"column":52}},"18":{"start":{"line":71,"column":0},"end":{"line":73,"column":2}},"19":{"start":{"line":72,"column":2},"end":{"line":72,"column":55}},"20":{"start":{"line":75,"column":0},"end":{"line":77,"column":2}},"21":{"start":{"line":76,"column":2},"end":{"line":76,"column":61}}},"fnMap":{"0":{"name":"(anonymous_0)","decl":{"start":{"line":41,"column":17},"end":{"line":41,"column":18}},"loc":{"start":{"line":41,"column":47},"end":{"line":51,"column":1}},"line":41},"1":{"name":"(anonymous_1)","decl":{"start":{"line":53,"column":28},"end":{"line":53,"column":29}},"loc":{"start":{"line":53,"column":55},"end":{"line":65,"column":1}},"line":53},"2":{"name":"(anonymous_2)","decl":{"start":{"line":67,"column":36},"end":{"line":67,"column":37}},"loc":{"start":{"line":67,"column":57},"end":{"line":69,"column":1}},"line":67},"3":{"name":"(anonymous_3)","decl":{"start":{"line":71,"column":39},"end":{"line":71,"column":40}},"loc":{"start":{"line":71,"column":60},"end":{"line":73,"column":1}},"line":71},"4":{"name":"(anonymous_4)","decl":{"start":{"line":75,"column":45},"end":{"line":75,"column":46}},"loc":{"start":{"line":75,"column":66},"end":{"line":77,"column":1}},"line":75}},"branchMap":{"0":{"loc":{"start":{"line":56,"column":4},"end":{"line":61,"column":10}},"type":"cond-expr","locations":[{"start":{"line":57,"column":8},"end":{"line":57,"column":14}},{"start":{"line":58,"column":8},"end":{"line":61,"column":10}}],"line":56}},"s":{"0":2,"1":2,"2":2,"3":2,"4":2,"5":2,"6":2,"7":5,"8":5,"9":3,"10":2,"11":2,"12":9,"13":9,"14":9,"15":0,"16":2,"17":2,"18":2,"19":2,"20":2,"21":1},"f":{"0":5,"1":9,"2":2,"3":2,"4":1},"b":{"0":[5,4]},"_coverageSchema":"1a1c01bbd47fc00a2c39e90264f33305004495a9","hash":"418938bd30f553daf6a0c3875cb732768b824ac9"}
,"D:\\Node-js\\homeworks\\nodejs-hw-rest-api\\validation\\users.js": {"path":"D:\\Node-js\\homeworks\\nodejs-hw-rest-api\\validation\\users.js","statementMap":{"0":{"start":{"line":1,"column":12},"end":{"line":1,"column":26}},"1":{"start":{"line":2,"column":35},"end":{"line":2,"column":66}},"2":{"start":{"line":4,"column":25},"end":{"line":15,"column":2}},"3":{"start":{"line":17,"column":24},"end":{"line":25,"column":2}},"4":{"start":{"line":27,"column":37},"end":{"line":31,"column":2}},"5":{"start":{"line":33,"column":17},"end":{"line":43,"column":1}},"6":{"start":{"line":34,"column":2},"end":{"line":42,"column":3}},"7":{"start":{"line":35,"column":4},"end":{"line":35,"column":37}},"8":{"start":{"line":36,"column":4},"end":{"line":36,"column":11}},"9":{"start":{"line":38,"column":4},"end":{"line":41,"column":7}},"10":{"start":{"line":45,"column":0},"end":{"line":47,"column":2}},"11":{"start":{"line":46,"column":2},"end":{"line":46,"column":52}},"12":{"start":{"line":49,"column":0},"end":{"line":51,"column":2}},"13":{"start":{"line":50,"column":2},"end":{"line":50,"column":51}},"14":{"start":{"line":53,"column":0},"end":{"line":55,"column":2}},"15":{"start":{"line":54,"column":2},"end":{"line":54,"column":64}}},"fnMap":{"0":{"name":"(anonymous_0)","decl":{"start":{"line":33,"column":17},"end":{"line":33,"column":18}},"loc":{"start":{"line":33,"column":47},"end":{"line":43,"column":1}},"line":33},"1":{"name":"(anonymous_1)","decl":{"start":{"line":45,"column":36},"end":{"line":45,"column":37}},"loc":{"start":{"line":45,"column":57},"end":{"line":47,"column":1}},"line":45},"2":{"name":"(anonymous_2)","decl":{"start":{"line":49,"column":35},"end":{"line":49,"column":36}},"loc":{"start":{"line":49,"column":56},"end":{"line":51,"column":1}},"line":49},"3":{"name":"(anonymous_3)","decl":{"start":{"line":53,"column":48},"end":{"line":53,"column":49}},"loc":{"start":{"line":53,"column":69},"end":{"line":55,"column":1}},"line":53}},"branchMap":{},"s":{"0":2,"1":2,"2":2,"3":2,"4":2,"5":2,"6":4,"7":4,"8":4,"9":0,"10":2,"11":2,"12":2,"13":2,"14":2,"15":0},"f":{"0":4,"1":2,"2":2,"3":0},"b":{},"_coverageSchema":"1a1c01bbd47fc00a2c39e90264f33305004495a9","hash":"a670d2525c1976ad8951137bca8f08ca69217135"}
}
