TN:
SF:app.js
FN:33,(anonymous_0)
FN:41,(anonymous_1)
FNF:2
FNH:1
FNDA:0,(anonymous_0)
FNDA:9,(anonymous_1)
DA:1,2
DA:2,2
DA:3,2
DA:4,2
DA:5,2
DA:6,2
DA:7,2
DA:9,2
DA:10,2
DA:11,2
DA:12,2
DA:13,2
DA:15,2
DA:17,2
DA:19,2
DA:21,2
DA:22,2
DA:24,2
DA:25,2
DA:26,2
DA:27,2
DA:28,2
DA:30,2
DA:31,2
DA:33,2
DA:34,0
DA:41,2
DA:42,9
DA:43,9
DA:45,9
DA:52,2
LF:31
LH:30
BRDA:17,0,0,0
BRDA:17,0,1,2
BRDA:25,1,0,2
BRDA:25,1,1,0
BRDA:42,2,0,9
BRDA:42,2,1,0
BRDA:43,3,0,9
BRDA:43,3,1,0
BRF:8
BRH:4
end_of_record
TN:
SF:config\passport.js
FN:14,(anonymous_0)
FNF:1
FNH:1
FNDA:13,(anonymous_0)
DA:1,3
DA:2,3
DA:3,3
DA:4,3
DA:6,3
DA:8,3
DA:13,3
DA:15,13
DA:16,13
DA:18,13
DA:19,0
DA:21,13
DA:22,0
DA:25,13
DA:27,0
LF:15
LH:12
BRDA:18,0,0,0
BRDA:18,0,1,13
BRDA:21,1,0,0
BRDA:21,1,1,13
BRF:4
BRH:2
end_of_record
TN:
SF:controllers\contacts.js
FN:4,(anonymous_0)
FN:21,(anonymous_1)
FN:55,(anonymous_2)
FN:73,(anonymous_3)
FN:106,(anonymous_4)
FNF:5
FNH:5
FNDA:3,(anonymous_0)
FNDA:3,(anonymous_1)
FNDA:2,(anonymous_2)
FNDA:3,(anonymous_3)
FNDA:5,(anonymous_4)
DA:1,3
DA:2,3
DA:4,3
DA:5,3
DA:6,3
DA:9,3
DA:11,2
DA:17,1
DA:21,3
DA:22,3
DA:23,3
DA:25,3
DA:38,2
DA:39,1
DA:45,1
DA:51,1
DA:55,3
DA:56,2
DA:57,2
DA:58,2
DA:63,1
DA:69,1
DA:73,3
DA:74,3
DA:75,3
DA:76,3
DA:88,2
DA:89,1
DA:96,1
DA:102,1
DA:106,3
DA:107,5
DA:108,5
DA:109,5
DA:122,4
DA:123,3
DA:129,1
DA:135,1
DA:139,3
LF:39
LH:39
BRDA:38,0,0,1
BRDA:38,0,1,1
BRDA:88,1,0,1
BRDA:88,1,1,1
BRDA:122,2,0,3
BRDA:122,2,1,1
BRF:6
BRH:6
end_of_record
TN:
SF:controllers\users.js
FN:21,(anonymous_0)
FN:45,(anonymous_1)
FN:76,(anonymous_2)
FN:86,(anonymous_3)
FN:99,(anonymous_4)
FN:123,(anonymous_5)
FNF:6
FNH:3
FNDA:2,(anonymous_0)
FNDA:2,(anonymous_1)
FNDA:0,(anonymous_2)
FNDA:0,(anonymous_3)
FNDA:0,(anonymous_4)
FNDA:1,(anonymous_5)
DA:1,2
DA:2,2
DA:3,2
DA:5,2
DA:7,2
DA:8,2
DA:10,2
DA:12,2
DA:15,2
DA:21,2
DA:22,2
DA:23,2
DA:25,2
DA:26,1
DA:32,1
DA:33,1
DA:35,1
DA:41,0
DA:45,2
DA:46,2
DA:47,2
DA:48,2
DA:50,2
DA:52,2
DA:53,1
DA:59,1
DA:61,1
DA:62,1
DA:64,1
DA:66,1
DA:72,0
DA:76,2
DA:77,0
DA:78,0
DA:79,0
DA:80,0
DA:82,0
DA:86,2
DA:87,0
DA:88,0
DA:89,0
DA:95,0
DA:99,2
DA:100,0
DA:101,0
DA:102,0
DA:104,0
DA:106,0
DA:107,0
DA:113,0
DA:119,0
DA:123,2
DA:124,1
DA:125,1
DA:139,1
DA:140,1
DA:141,1
DA:146,1
DA:148,1
DA:149,1
DA:155,0
DA:161,0
DA:165,2
LF:63
LH:42
BRDA:25,0,0,1
BRDA:25,0,1,1
BRDA:52,1,0,1
BRDA:52,1,1,1
BRDA:52,2,0,2
BRDA:52,2,1,1
BRDA:106,3,0,0
BRDA:106,3,1,0
BRDA:148,4,0,1
BRDA:148,4,1,0
BRF:10
BRH:7
end_of_record
TN:
SF:helpers\constants.js
FNF:0
FNH:0
DA:1,4
DA:13,4
DA:19,4
LF:3
LH:3
BRF:0
BRH:0
end_of_record
TN:
SF:helpers\guard.js
FN:6,(anonymous_0)
FN:7,(anonymous_1)
FNF:2
FNH:2
FNDA:18,(anonymous_0)
FNDA:18,(anonymous_1)
DA:1,3
DA:2,3
DA:4,3
DA:6,3
DA:7,18
DA:8,18
DA:9,18
DA:10,18
DA:12,18
DA:18,4
DA:24,14
DA:25,14
DA:29,3
LF:13
LH:13
BRDA:9,0,0,18
BRDA:9,0,1,0
BRDA:12,1,0,4
BRDA:12,1,1,14
BRDA:12,2,0,18
BRDA:12,2,1,16
BRDA:12,2,2,15
BRF:7
BRH:6
end_of_record
TN:
SF:helpers\limiter.js
FN:8,(anonymous_0)
FN:19,(anonymous_1)
FNF:2
FNH:0
FNDA:0,(anonymous_0)
FNDA:0,(anonymous_1)
DA:1,2
DA:2,2
DA:3,2
DA:5,2
DA:9,0
DA:16,2
DA:20,0
DA:28,2
LF:8
LH:6
BRF:0
BRH:0
end_of_record
TN:
SF:helpers\upload.js
FN:8,(anonymous_0)
FN:11,(anonymous_1)
FN:19,(anonymous_2)
FNF:3
FNH:3
FNDA:1,(anonymous_0)
FNDA:1,(anonymous_1)
FNDA:1,(anonymous_2)
DA:1,2
DA:2,2
DA:3,2
DA:5,2
DA:7,2
DA:9,1
DA:12,1
DA:16,2
DA:20,1
DA:21,1
DA:22,1
DA:24,0
DA:28,2
LF:13
LH:12
BRDA:20,0,0,1
BRDA:20,0,1,0
BRF:2
BRH:1
end_of_record
TN:
SF:model\contacts.js
FN:3,(anonymous_0)
FN:51,(anonymous_1)
FN:64,(anonymous_2)
FN:77,(anonymous_3)
FN:82,(anonymous_4)
FNF:5
FNH:5
FNDA:1,(anonymous_0)
FNDA:1,(anonymous_1)
FNDA:1,(anonymous_2)
FNDA:1,(anonymous_3)
FNDA:2,(anonymous_4)
DA:1,3
DA:3,3
DA:12,1
DA:14,1
DA:17,1
DA:18,0
DA:21,1
DA:36,1
DA:42,1
DA:51,3
DA:52,1
DA:61,1
DA:64,3
DA:65,1
DA:74,1
DA:77,3
DA:78,1
DA:79,1
DA:82,3
DA:83,2
DA:91,2
DA:105,3
LF:22
LH:21
BRDA:5,0,0,1
BRDA:6,1,0,1
BRDA:7,2,0,1
BRDA:11,3,0,1
BRDA:17,4,0,0
BRDA:17,4,1,1
BRDA:25,5,0,0
BRDA:25,5,1,1
BRDA:27,6,0,0
BRDA:27,6,1,1
BRDA:28,7,0,0
BRDA:28,7,1,1
BRF:12
BRH:8
end_of_record
TN:
SF:model\db.js
FN:21,(anonymous_0)
FN:25,(anonymous_1)
FN:30,(anonymous_2)
FN:34,(anonymous_3)
FN:35,(anonymous_4)
FNF:5
FNH:2
FNDA:2,(anonymous_0)
FNDA:0,(anonymous_1)
FNDA:2,(anonymous_2)
FNDA:0,(anonymous_3)
FNDA:0,(anonymous_4)
DA:1,2
DA:3,2
DA:5,2
DA:7,2
DA:8,2
DA:10,0
DA:13,2
DA:21,2
DA:22,2
DA:25,2
DA:26,0
DA:27,0
DA:30,2
DA:31,2
DA:34,2
DA:35,0
DA:36,0
DA:37,0
DA:41,2
LF:19
LH:13
BRDA:7,0,0,2
BRDA:7,0,1,0
BRF:2
BRH:1
end_of_record
TN:
SF:model\users.js
FN:3,(anonymous_0)
FN:7,(anonymous_1)
FN:11,(anonymous_2)
FN:16,(anonymous_3)
FN:20,(anonymous_4)
FN:31,(anonymous_5)
FNF:6
FNH:5
FNDA:13,(anonymous_0)
FNDA:4,(anonymous_1)
FNDA:2,(anonymous_2)
FNDA:2,(anonymous_3)
FNDA:0,(anonymous_4)
FNDA:1,(anonymous_5)
DA:1,3
DA:3,3
DA:4,13
DA:7,3
DA:8,4
DA:11,3
DA:12,2
DA:13,2
DA:16,3
DA:17,2
DA:20,3
DA:21,0
DA:22,0
DA:31,3
DA:32,1
DA:35,3
LF:16
LH:14
BRDA:31,0,0,0
BRF:1
BRH:0
end_of_record
TN:
SF:routes\api\contacts.js
FNF:0
FNH:0
DA:1,2
DA:2,2
DA:4,2
DA:11,2
DA:17,2
DA:19,2
DA:33,2
LF:7
LH:7
BRF:0
BRH:0
end_of_record
TN:
SF:routes\api\users.js
FNF:0
FNH:0
DA:1,2
DA:2,2
DA:11,2
DA:16,2
DA:17,2
DA:18,2
DA:19,2
DA:21,2
DA:29,2
LF:9
LH:9
BRF:0
BRH:0
end_of_record
TN:
SF:schemas\contact.js
FN:37,(anonymous_0)
FN:45,(anonymous_1)
FN:53,(anonymous_2)
FNF:3
FNH:2
FNDA:0,(anonymous_0)
FNDA:5,(anonymous_1)
FNDA:6,(anonymous_2)
DA:1,3
DA:2,3
DA:3,3
DA:5,3
DA:38,0
DA:39,0
DA:46,5
DA:47,5
DA:53,3
DA:54,6
DA:55,6
DA:58,3
DA:60,3
DA:62,3
LF:14
LH:12
BRF:0
BRH:0
end_of_record
TN:
SF:schemas\user.js
FN:36,(anonymous_0)
FN:51,(anonymous_1)
FN:56,(anonymous_2)
FN:64,(anonymous_3)
FNF:4
FNH:4
FNDA:2,(anonymous_0)
FNDA:2,(anonymous_1)
FNDA:2,(anonymous_2)
FNDA:1,(anonymous_3)
DA:1,3
DA:2,3
DA:3,3
DA:5,3
DA:6,3
DA:8,3
DA:10,3
DA:37,2
DA:51,3
DA:52,2
DA:53,2
DA:56,3
DA:57,2
DA:58,2
DA:59,2
DA:61,2
DA:64,3
DA:65,1
DA:68,3
DA:70,3
LF:20
LH:20
BRDA:57,0,0,2
BRDA:57,0,1,0
BRF:2
BRH:1
end_of_record
TN:
SF:services\upload-avatars-cloud.js
FN:4,(anonymous_0)
FN:8,(anonymous_1)
FN:20,(anonymous_2)
FNF:3
FNH:3
FNDA:1,(anonymous_0)
FNDA:1,(anonymous_1)
FNDA:1,(anonymous_2)
DA:1,2
DA:5,1
DA:10,1
DA:16,1
DA:17,1
DA:21,1
DA:22,1
DA:23,0
DA:25,1
DA:27,0
DA:32,2
LF:11
LH:9
BRDA:22,0,0,0
BRDA:22,0,1,1
BRF:2
BRH:1
end_of_record
TN:
SF:test\data\data.js
FNF:0
FNH:0
DA:1,2
DA:8,2
DA:14,2
DA:19,2
LF:4
LH:4
BRF:0
BRH:0
end_of_record
TN:
SF:validation\contacts.js
FN:41,(anonymous_0)
FN:53,(anonymous_1)
FN:67,(anonymous_2)
FN:71,(anonymous_3)
FN:75,(anonymous_4)
FNF:5
FNH:5
FNDA:5,(anonymous_0)
FNDA:9,(anonymous_1)
FNDA:2,(anonymous_2)
FNDA:2,(anonymous_3)
FNDA:1,(anonymous_4)
DA:1,2
DA:2,2
DA:3,2
DA:5,2
DA:21,2
DA:37,2
DA:41,2
DA:42,5
DA:43,5
DA:44,3
DA:46,2
DA:53,2
DA:54,9
DA:55,9
DA:56,9
DA:63,0
DA:67,2
DA:68,2
DA:71,2
DA:72,2
DA:75,2
DA:76,1
LF:22
LH:21
BRDA:56,0,0,5
BRDA:56,0,1,4
BRF:2
BRH:2
end_of_record
TN:
SF:validation\users.js
FN:33,(anonymous_0)
FN:45,(anonymous_1)
FN:49,(anonymous_2)
FN:53,(anonymous_3)
FNF:4
FNH:3
FNDA:4,(anonymous_0)
FNDA:2,(anonymous_1)
FNDA:2,(anonymous_2)
FNDA:0,(anonymous_3)
DA:1,2
DA:2,2
DA:4,2
DA:17,2
DA:27,2
DA:33,2
DA:34,4
DA:35,4
DA:36,4
DA:38,0
DA:45,2
DA:46,2
DA:49,2
DA:50,2
DA:53,2
DA:54,0
LF:16
LH:14
BRF:0
BRH:0
end_of_record
